<?xml version="1.0" encoding="UTF-8"?>
<!-- Generated by org.testng.reporters.JUnitReportReporter -->
<testsuite hostname="NR-PC" failures="0" tests="1" name="com.test.RegisterTest" time="11.892" errors="0" timestamp="2022-10-01T17:23:26 IST" skipped="0">
  <testcase classname="com.test.RegisterTest" name="login" time="11.892"/>
  <system-out/>
</testsuite> <!-- com.test.RegisterTest -->
