<?xml version="1.0" encoding="UTF-8"?>
<!-- Generated by org.testng.reporters.JUnitReportReporter -->
<testsuite skipped="0" hostname="DESKTOP-5NHSIJ0" name="testng.annotations.ClassLevel" tests="3" failures="0" timestamp="2022-10-15T13:16:02 IST" time="0.012" errors="0">
  <testcase name="methodThree" time="0.001" classname="testng.annotations.ClassLevel"/>
  <system-out/>
  <testcase name="MethodTwo" time="0.001" classname="testng.annotations.ClassLevel"/>
  <system-out/>
  <testcase name="MethodOne" time="0.010" classname="testng.annotations.ClassLevel"/>
  <system-out/>
</testsuite> <!-- testng.annotations.ClassLevel -->
