<?xml version="1.0" encoding="UTF-8"?>
<!-- Generated by org.testng.reporters.JUnitReportReporter -->
<testsuite skipped="0" hostname="DESKTOP-5NHSIJ0" name="sample" tests="2" failures="0" timestamp="2022-10-18T17:42:10 IST" time="111.594" errors="0">
  <testcase name="LaunchChrome" time="2.016" classname="sample"/>
  <system-out/>
  <testcase name="f" time="109.578" classname="sample"/>
  <system-out/>
</testsuite> <!-- sample -->
