<?xml version="1.0" encoding="UTF-8"?>
<!-- Generated by org.testng.reporters.JUnitReportReporter -->
<testsuite skipped="0" hostname="DESKTOP-5NHSIJ0" name="testng.parallel.ParallelTestMethods" tests="4" failures="0" timestamp="2022-10-18T22:16:37 IST" time="298.462" errors="0">
  <testcase name="LaunchChrome" time="2.014" classname="testng.parallel.ParallelTestMethods"/>
  <system-out/>
  <testcase name="executSessionOne" time="98.725" classname="testng.parallel.ParallelTestMethods"/>
  <system-out/>
  <testcase name="executSessionThree" time="118.479" classname="testng.parallel.ParallelTestMethods"/>
  <system-out/>
  <testcase name="executSessionTwo" time="79.244" classname="testng.parallel.ParallelTestMethods"/>
  <system-out/>
</testsuite> <!-- testng.parallel.ParallelTestMethods -->
