<?xml version="1.0" encoding="UTF-8"?>
<!-- Generated by org.testng.reporters.JUnitReportReporter -->
<testsuite skipped="0" hostname="DESKTOP-5NHSIJ0" name="Automation" tests="2" failures="0" timestamp="2022-10-18T18:14:31 IST" time="107.616" errors="0">
  <testcase name="LaunchChrome" time="2.019" classname="Automation"/>
  <system-out/>
  <testcase name="f" time="105.597" classname="Automation"/>
  <system-out/>
</testsuite> <!-- Automation -->
